[
  {
    "level": "INFO",
    "message": "android.ndkVersion from module build.gradle is not set"
  },
  {
    "level": "INFO",
    "message": "ndk.dir in local.properties is H:\\android-ndk\\21.1.6352462"
  },
  {
    "level": "INFO",
    "message": "ANDROID_NDK_HOME environment variable is not set"
  },
  {
    "level": "INFO",
    "message": "sdkFolder is C:\\Users\\Administrator\\AppData\\Local\\Android\\Sdk"
  },
  {
    "level": "INFO",
    "message": "Considering H:\\android-ndk\\21.1.6352462 by ndk.dir"
  },
  {
    "level": "INFO",
    "message": "Considering C:\\Users\\Administrator\\AppData\\Local\\Android\\Sdk\\ndk-bundle in SDK ndk-bundle folder"
  },
  {
    "level": "INFO",
    "message": "Considering C:\\Users\\Administrator\\AppData\\Local\\Android\\Sdk\\ndk\\21.1.6352462 in SDK ndk folder"
  },
  {
    "level": "INFO",
    "message": "Considering C:\\Users\\Administrator\\AppData\\Local\\Android\\Sdk\\ndk\\26.3.11579264 in SDK ndk folder"
  },
  {
    "level": "INFO",
    "message": "Rejected C:\\Users\\Administrator\\AppData\\Local\\Android\\Sdk\\ndk-bundle in SDK ndk-bundle folder because that location has no source.properties"
  },
  {
    "level": "INFO",
    "message": "Rejected C:\\Users\\Administrator\\AppData\\Local\\Android\\Sdk\\ndk\\21.1.6352462 in SDK ndk folder because that location has no source.properties"
  },
  {
    "level": "INFO",
    "message": "Found requested ndk.dir (H:\\android-ndk\\21.1.6352462) which has version 21.1.6352462"
  }
]